[2026-03-28 14:17:11] INFO: GTDB-Tk v2.6.1
[2026-03-28 14:17:11] INFO: gtdbtk classify_wf --genome_dir /gpfs/scratch/ajh20fhu/nfcore/nfcore_magpipeline_21032026_trial/results/GenomeBinning/MaxBin2/bins/drep_MaxBin2_out/dereplicated_genomes --out_dir /gpfs/scratch/ajh20fhu/nfcore/gtdbtk_db/results --extension fa --cpus 16 --pplacer_cpus 1
[2026-03-28 14:17:11] INFO: Using GTDB-Tk reference data version r226: /gpfs/scratch/ajh20fhu/gtdbtk_db/release226
[2026-03-28 14:17:12] ERROR: Uncontrolled exit resulting from an unexpected error.

================================================================================
EXCEPTION: TypeError
  MESSAGE: ANIScreenStep.__init__() got an unexpected keyword argument 'name'
________________________________________________________________________________

Traceback (most recent call last):
  File "/gpfs/home/ajh20fhu/.conda/envs/gtdbtk_env/lib/python3.1/site-packages/gtdbtk/__main__.py", line 100, in main
    gt_parser.parse_options(args)
    ~~~~~~~~~~~~~~~~~~~~~~~^^^^^^
  File "/gpfs/home/ajh20fhu/.conda/envs/gtdbtk_env/lib/python3.1/site-packages/gtdbtk/main.py", line 1088, in parse_options
    self.stage_logger.read_existing_steps()
    ~~~~~~~~~~~~~~~~~~~~~~~~~~~~~~~~~~~~~^^
  File "/gpfs/home/ajh20fhu/.conda/envs/gtdbtk_env/lib/python3.1/site-packages/gtdbtk/files/stage_logger.py", line 168, in read_existing_steps
    step_object = ANIScreenStep(**step)
TypeError: ANIScreenStep.__init__() got an unexpected keyword argument 'name'
================================================================================
GTDB-Tk job finished!
