[2026-03-29 16:53:54] INFO: GTDB-Tk v2.6.1
[2026-03-29 16:53:54] INFO: gtdbtk classify_wf --genome_dir /gpfs/scratch/ajh20fhu/nfcore/gtdbtk_db/results_COMEBin/all_bins_fa --out_dir /gpfs/scratch/ajh20fhu/nfcore/gtdbtk_db/results_COMEBin --extension fa --cpus 16 --pplacer_cpus 1
[2026-03-29 16:53:54] INFO: Using GTDB-Tk reference data version r226: /gpfs/scratch/ajh20fhu/gtdbtk_db/release226
[2026-03-29 16:53:55] INFO: Loading reference genomes.
[2026-03-29 16:53:55] INFO: Calculating all vs all ANI with skani v0.3.1.
[2026-03-29 16:53:55] INFO: Sketching refence genomes
[2026-03-29 17:02:26] INFO: Done
[2026-03-29 17:02:45] INFO: Capturing skani results.
[2026-03-29 17:02:54] INFO: Summary of results saved to: /gpfs/scratch/ajh20fhu/nfcore/gtdbtk_db/results_COMEBin/classify/ani_screen/gtdbtk.bac120.ani_summary.tsv
[2026-03-29 17:02:54] INFO: 29 genome(s) have been classified using the ANI pre-screening step.
[2026-03-29 17:02:54] INFO: Done.
[2026-03-29 17:02:54] INFO: Identifying markers in 3 genomes with 16 threads.
[2026-03-29 17:02:55] TASK: Running Prodigal V2.6.3 to identify genes.
[2026-03-29 17:02:55] INFO: Completed 3 genomes in 0.60 seconds (5.02 genomes/second).
[2026-03-29 17:02:55] TASK: Identifying TIGRFAM protein families.
[2026-03-29 17:02:56] INFO: Completed 3 genomes in 0.47 seconds (6.34 genomes/second).
[2026-03-29 17:02:56] TASK: Identifying Pfam protein families.
[2026-03-29 17:02:56] INFO: Completed 3 genomes in 0.24 seconds (12.53 genomes/second).
[2026-03-29 17:02:56] INFO: Annotations done using HMMER 3.4 (Aug 2023).
[2026-03-29 17:02:56] TASK: Summarising identified marker genes.
[2026-03-29 17:02:56] INFO: Completed 3 genomes in 0.00 seconds (857.85 genomes/second).
[2026-03-29 17:02:56] INFO: Done.
[2026-03-29 17:02:59] INFO: Aligning markers in 3 genomes with 16 CPUs.
[2026-03-29 17:02:59] INFO: Processing 3 genomes identified as bacterial.
[2026-03-29 17:03:10] INFO: Read concatenated alignment for 136,646 GTDB genomes.
[2026-03-29 17:03:10] TASK: Generating concatenated alignment for each marker.
[2026-03-29 17:03:11] INFO: Completed 3 genomes in 0.00 seconds (1,532.45 genomes/second).
[2026-03-29 17:03:11] TASK: Aligning 0 identified markers using hmmalign 3.4 (Aug 2023).
[2026-03-29 17:03:12] WARNING: Identified 0 single copy bacterial hits.
[2026-03-29 17:03:13] INFO: Done.
[2026-03-29 17:03:14] WARNING: 3 of 32 genomes have been labeled as 'Unclassified'.
[2026-03-29 17:03:14] INFO: Note that Tk classification mode is insufficient for publication of new taxonomic designations. New designations should be based on one or more de novo trees, an example of which can be produced by Tk in de novo mode.
[2026-03-29 17:03:14] INFO: Done.
[2026-03-29 17:03:14] INFO: Removing intermediate files.
[2026-03-29 17:03:14] INFO: Intermediate files removed.
[2026-03-29 17:03:14] INFO: Done.
GTDB-Tk job finished!
