Path to Cutadapt set as: 'cutadapt' (default)
Cutadapt seems to be working fine (tested command 'cutadapt --version')
Cutadapt version: 4.9
Cutadapt seems to be using Python 3! Proceeding with multi-core enabled Cutadapt using 8 cores
Proceeding with 'gzip' for compression. PLEASE NOTE: Using multi-cores for trimming with 'gzip' only has only very limited effect! (see here: https://github.com/FelixKrueger/TrimGalore/issues/16#issuecomment-458557103)
To increase performance, please install 'pigz' and run again

Proceeding with 'gzip' for decompression
To decrease CPU usage of decompression, please install 'igzip' and run again

No quality encoding type selected. Assuming that the data provided uses Sanger encoded Phred scores (default)

Output will be written into the directory: /gpfs/scratch/ajh20fhu/qc/


AUTO-DETECTING ADAPTER TYPE
===========================
Attempting to auto-detect adapter type from the first 1 million sequences of the first file (>> /gpfs/scratch/ajh20fhu/fastq/X204SC26022514-Z01-F001/01.RawData/H_13_01/H_13_01_EKDN260003873-1A_23FVJMLT4_L1_1.fq.gz <<)

Found perfect matches for the following adapter sequences:
Adapter type	Count	Sequence	Sequences analysed	Percentage
Illumina	1413	AGATCGGAAGAGC	1000000	0.14
smallRNA	3	TGGAATTCTCGG	1000000	0.00
Nextera	1	CTGTCTCTTATA	1000000	0.00
Using Illumina adapter for trimming (count: 1413). Second best hit was smallRNA (count: 3)

Writing report to '/gpfs/scratch/ajh20fhu/qc/H_13_01_EKDN260003873-1A_23FVJMLT4_L1_1.fq.gz_trimming_report.txt'

SUMMARISING RUN PARAMETERS
==========================
Input filename: /gpfs/scratch/ajh20fhu/fastq/X204SC26022514-Z01-F001/01.RawData/H_13_01/H_13_01_EKDN260003873-1A_23FVJMLT4_L1_1.fq.gz
Trimming mode: paired-end
Trim Galore version: 0.6.10
Cutadapt version: 4.9
Python version: 3.12.3
Number of cores used for trimming: 8
Quality Phred score cutoff: 20
Quality encoding type selected: ASCII+33
Adapter sequence: 'AGATCGGAAGAGC' (Illumina TruSeq, Sanger iPCR; auto-detected)
Maximum trimming error rate: 0.1 (default)
Minimum required adapter overlap (stringency): 1 bp
Minimum required sequence length for both reads before a sequence pair gets removed: 20 bp
Output file(s) will be GZIP compressed

Cutadapt seems to be fairly up-to-date (version 4.9). Setting -j 8
Writing final adapter and quality trimmed output to H_13_01_EKDN260003873-1A_23FVJMLT4_L1_1_trimmed.fq.gz


  >>> Now performing quality (cutoff '-q 20') and adapter trimming in a single pass for the adapter sequence: 'AGATCGGAAGAGC' from file /gpfs/scratch/ajh20fhu/fastq/X204SC26022514-Z01-F001/01.RawData/H_13_01/H_13_01_EKDN260003873-1A_23FVJMLT4_L1_1.fq.gz <<< 
This is cutadapt 4.9 with Python 3.12.3
Command line parameters: -j 8 -e 0.1 -q 20 -O 1 -a AGATCGGAAGAGC /gpfs/scratch/ajh20fhu/fastq/X204SC26022514-Z01-F001/01.RawData/H_13_01/H_13_01_EKDN260003873-1A_23FVJMLT4_L1_1.fq.gz
Processing single-end reads on 8 cores ...
Finished in 190.203 s (25.235 µs/read; 2.38 M reads/minute).

=== Summary ===

Total reads processed:               7,537,225
Reads with adapters:                 2,354,498 (31.2%)
Reads written (passing filters):     7,537,225 (100.0%)

Total basepairs processed: 1,130,583,750 bp
Quality-trimmed:                 575,378 bp (0.1%)
Total written (filtered):  1,126,473,340 bp (99.6%)

=== Adapter 1 ===

Sequence: AGATCGGAAGAGC; Type: regular 3'; Length: 13; Trimmed: 2354498 times

Minimum overlap: 1
No. of allowed errors:
1-9 bp: 0; 10-13 bp: 1

Bases preceding removed adapters:
  A: 32.0%
  C: 29.6%
  G: 19.1%
  T: 19.3%
  none/other: 0.0%

Overview of removed sequences
length	count	expect	max.err	error counts
1	1785636	1884306.2	0	1785636
2	410495	471076.6	0	410495
3	99933	117769.1	0	99933
4	28069	29442.3	0	28069
5	8058	7360.6	0	8058
6	3281	1840.1	0	3281
7	1632	460.0	0	1632
8	1241	115.0	0	1241
9	1221	28.8	0	1065 156
10	1214	7.2	1	1018 196
11	1025	1.8	1	909 116
12	898	0.4	1	843 55
13	749	0.1	1	711 38
14	712	0.1	1	671 41
15	660	0.1	1	622 38
16	612	0.1	1	580 32
17	573	0.1	1	531 42
18	524	0.1	1	498 26
19	586	0.1	1	560 26
20	442	0.1	1	409 33
21	415	0.1	1	384 31
22	387	0.1	1	365 22
23	392	0.1	1	366 26
24	301	0.1	1	281 20
25	279	0.1	1	256 23
26	296	0.1	1	280 16
27	294	0.1	1	278 16
28	250	0.1	1	237 13
29	261	0.1	1	239 22
30	253	0.1	1	240 13
31	195	0.1	1	179 16
32	150	0.1	1	139 11
33	174	0.1	1	161 13
34	168	0.1	1	148 20
35	154	0.1	1	141 13
36	140	0.1	1	131 9
37	125	0.1	1	111 14
38	136	0.1	1	124 12
39	126	0.1	1	117 9
40	127	0.1	1	110 17
41	91	0.1	1	84 7
42	77	0.1	1	67 10
43	71	0.1	1	62 9
44	80	0.1	1	69 11
45	95	0.1	1	82 13
46	91	0.1	1	79 12
47	65	0.1	1	57 8
48	90	0.1	1	81 9
49	29	0.1	1	14 15
50	120	0.1	1	106 14
51	94	0.1	1	82 12
52	25	0.1	1	18 7
53	38	0.1	1	31 7
54	58	0.1	1	53 5
55	26	0.1	1	17 9
56	33	0.1	1	33
57	19	0.1	1	12 7
58	33	0.1	1	29 4
59	17	0.1	1	12 5
60	27	0.1	1	19 8
61	42	0.1	1	35 7
62	17	0.1	1	12 5
63	28	0.1	1	19 9
64	5	0.1	1	2 3
65	11	0.1	1	5 6
66	19	0.1	1	8 11
67	31	0.1	1	27 4
68	6	0.1	1	3 3
69	15	0.1	1	4 11
70	12	0.1	1	6 6
71	13	0.1	1	9 4
72	18	0.1	1	12 6
73	5	0.1	1	2 3
74	2	0.1	1	1 1
75	13	0.1	1	4 9
76	14	0.1	1	5 9
77	15	0.1	1	4 11
78	8	0.1	1	1 7
79	13	0.1	1	8 5
80	12	0.1	1	8 4
81	18	0.1	1	9 9
82	18	0.1	1	10 8
83	13	0.1	1	5 8
84	8	0.1	1	6 2
85	9	0.1	1	3 6
86	13	0.1	1	5 8
87	9	0.1	1	4 5
88	20	0.1	1	4 16
89	7	0.1	1	4 3
90	8	0.1	1	1 7
91	9	0.1	1	5 4
92	17	0.1	1	7 10
93	12	0.1	1	3 9
94	5	0.1	1	2 3
95	10	0.1	1	5 5
96	8	0.1	1	4 4
97	13	0.1	1	6 7
98	10	0.1	1	4 6
99	7	0.1	1	4 3
100	6	0.1	1	3 3
101	3	0.1	1	0 3
102	10	0.1	1	2 8
103	5	0.1	1	1 4
104	6	0.1	1	3 3
105	12	0.1	1	3 9
106	10	0.1	1	3 7
107	9	0.1	1	2 7
108	11	0.1	1	5 6
109	9	0.1	1	3 6
110	6	0.1	1	3 3
111	7	0.1	1	2 5
112	8	0.1	1	1 7
113	9	0.1	1	2 7
114	4	0.1	1	0 4
115	8	0.1	1	1 7
116	11	0.1	1	3 8
117	12	0.1	1	4 8
118	5	0.1	1	3 2
119	13	0.1	1	3 10
120	10	0.1	1	4 6
121	6	0.1	1	0 6
122	4	0.1	1	2 2
123	6	0.1	1	1 5
124	8	0.1	1	3 5
125	7	0.1	1	1 6
126	2	0.1	1	0 2
127	3	0.1	1	0 3
128	12	0.1	1	4 8
129	6	0.1	1	1 5
130	6	0.1	1	2 4
131	4	0.1	1	0 4
132	4	0.1	1	1 3
133	4	0.1	1	0 4
134	4	0.1	1	1 3
135	3	0.1	1	0 3
136	6	0.1	1	4 2
137	6	0.1	1	1 5
138	9	0.1	1	2 7
139	6	0.1	1	0 6
140	8	0.1	1	1 7
141	4	0.1	1	0 4
142	10	0.1	1	2 8
143	5	0.1	1	1 4
144	9	0.1	1	0 9
145	8	0.1	1	1 7
146	3	0.1	1	1 2
147	6	0.1	1	1 5
148	12	0.1	1	2 10
149	7	0.1	1	2 5
150	270	0.1	1	7 263

RUN STATISTICS FOR INPUT FILE: /gpfs/scratch/ajh20fhu/fastq/X204SC26022514-Z01-F001/01.RawData/H_13_01/H_13_01_EKDN260003873-1A_23FVJMLT4_L1_1.fq.gz
=============================================
7537225 sequences processed in total
The length threshold of paired-end sequences gets evaluated later on (in the validation step)

Writing report to '/gpfs/scratch/ajh20fhu/qc/H_13_01_EKDN260003873-1A_23FVJMLT4_L1_2.fq.gz_trimming_report.txt'

SUMMARISING RUN PARAMETERS
==========================
Input filename: /gpfs/scratch/ajh20fhu/fastq/X204SC26022514-Z01-F001/01.RawData/H_13_01/H_13_01_EKDN260003873-1A_23FVJMLT4_L1_2.fq.gz
Trimming mode: paired-end
Trim Galore version: 0.6.10
Cutadapt version: 4.9
Python version: 3.12.3
Number of cores used for trimming: 8
Quality Phred score cutoff: 20
Quality encoding type selected: ASCII+33
Adapter sequence: 'AGATCGGAAGAGC' (Illumina TruSeq, Sanger iPCR; auto-detected)
Maximum trimming error rate: 0.1 (default)
Minimum required adapter overlap (stringency): 1 bp
Minimum required sequence length for both reads before a sequence pair gets removed: 20 bp
Output file(s) will be GZIP compressed

Cutadapt seems to be fairly up-to-date (version 4.9). Setting -j -j 8
Writing final adapter and quality trimmed output to H_13_01_EKDN260003873-1A_23FVJMLT4_L1_2_trimmed.fq.gz


  >>> Now performing quality (cutoff '-q 20') and adapter trimming in a single pass for the adapter sequence: 'AGATCGGAAGAGC' from file /gpfs/scratch/ajh20fhu/fastq/X204SC26022514-Z01-F001/01.RawData/H_13_01/H_13_01_EKDN260003873-1A_23FVJMLT4_L1_2.fq.gz <<< 
This is cutadapt 4.9 with Python 3.12.3
Command line parameters: -j 8 -e 0.1 -q 20 -O 1 -a AGATCGGAAGAGC /gpfs/scratch/ajh20fhu/fastq/X204SC26022514-Z01-F001/01.RawData/H_13_01/H_13_01_EKDN260003873-1A_23FVJMLT4_L1_2.fq.gz
Processing single-end reads on 8 cores ...
Finished in 192.116 s (25.489 µs/read; 2.35 M reads/minute).

=== Summary ===

Total reads processed:               7,537,225
Reads with adapters:                 2,344,349 (31.1%)
Reads written (passing filters):     7,537,225 (100.0%)

Total basepairs processed: 1,130,583,750 bp
Quality-trimmed:               1,977,767 bp (0.2%)
Total written (filtered):  1,125,126,738 bp (99.5%)

=== Adapter 1 ===

Sequence: AGATCGGAAGAGC; Type: regular 3'; Length: 13; Trimmed: 2344349 times

Minimum overlap: 1
No. of allowed errors:
1-9 bp: 0; 10-13 bp: 1

Bases preceding removed adapters:
  A: 32.0%
  C: 29.6%
  G: 19.1%
  T: 19.3%
  none/other: 0.0%

Overview of removed sequences
length	count	expect	max.err	error counts
1	1781509	1884306.2	0	1781509
2	406531	471076.6	0	406531
3	98440	117769.1	0	98440
4	27607	29442.3	0	27607
5	8089	7360.6	0	8089
6	3395	1840.1	0	3395
7	1656	460.0	0	1656
8	1230	115.0	0	1230
9	1193	28.8	0	1035 158
10	1253	7.2	1	1008 245
11	1041	1.8	1	894 147
12	921	0.4	1	842 79
13	733	0.1	1	681 52
14	704	0.1	1	667 37
15	662	0.1	1	604 58
16	619	0.1	1	574 45
17	565	0.1	1	533 32
18	534	0.1	1	500 34
19	639	0.1	1	597 42
20	451	0.1	1	423 28
21	351	0.1	1	325 26
22	369	0.1	1	344 25
23	397	0.1	1	371 26
24	316	0.1	1	300 16
25	261	0.1	1	241 20
26	312	0.1	1	278 34
27	332	0.1	1	307 25
28	223	0.1	1	204 19
29	266	0.1	1	247 19
30	246	0.1	1	232 14
31	190	0.1	1	174 16
32	150	0.1	1	135 15
33	209	0.1	1	197 12
34	143	0.1	1	136 7
35	151	0.1	1	132 19
36	151	0.1	1	139 12
37	100	0.1	1	92 8
38	134	0.1	1	116 18
39	137	0.1	1	128 9
40	103	0.1	1	93 10
41	87	0.1	1	73 14
42	87	0.1	1	74 13
43	63	0.1	1	54 9
44	76	0.1	1	73 3
45	94	0.1	1	88 6
46	68	0.1	1	62 6
47	80	0.1	1	72 8
48	44	0.1	1	39 5
49	47	0.1	1	41 6
50	61	0.1	1	54 7
51	57	0.1	1	48 9
52	38	0.1	1	31 7
53	37	0.1	1	32 5
54	45	0.1	1	44 1
55	26	0.1	1	21 5
56	43	0.1	1	32 11
57	30	0.1	1	22 8
58	44	0.1	1	36 8
59	32	0.1	1	30 2
60	30	0.1	1	23 7
61	22	0.1	1	16 6
62	29	0.1	1	21 8
63	30	0.1	1	20 10
64	23	0.1	1	17 6
65	18	0.1	1	12 6
66	16	0.1	1	9 7
67	17	0.1	1	8 9
68	23	0.1	1	19 4
69	27	0.1	1	17 10
70	12	0.1	1	9 3
71	22	0.1	1	12 10
72	27	0.1	1	18 9
73	8	0.1	1	3 5
74	17	0.1	1	9 8
75	15	0.1	1	8 7
76	13	0.1	1	7 6
77	18	0.1	1	8 10
78	11	0.1	1	0 11
79	11	0.1	1	6 5
80	11	0.1	1	10 1
81	11	0.1	1	8 3
82	14	0.1	1	7 7
83	13	0.1	1	6 7
84	11	0.1	1	4 7
85	8	0.1	1	3 5
86	8	0.1	1	6 2
87	9	0.1	1	6 3
88	13	0.1	1	5 8
89	10	0.1	1	1 9
90	8	0.1	1	3 5
91	19	0.1	1	7 12
92	15	0.1	1	7 8
93	10	0.1	1	5 5
94	4	0.1	1	2 2
95	14	0.1	1	6 8
96	10	0.1	1	4 6
97	10	0.1	1	6 4
98	14	0.1	1	3 11
99	11	0.1	1	2 9
100	13	0.1	1	3 10
101	5	0.1	1	1 4
102	5	0.1	1	1 4
103	3	0.1	1	0 3
104	5	0.1	1	3 2
105	10	0.1	1	4 6
106	11	0.1	1	5 6
107	5	0.1	1	2 3
108	15	0.1	1	4 11
109	9	0.1	1	3 6
110	5	0.1	1	3 2
111	10	0.1	1	3 7
112	5	0.1	1	2 3
113	9	0.1	1	2 7
114	8	0.1	1	0 8
115	11	0.1	1	1 10
116	7	0.1	1	4 3
117	7	0.1	1	5 2
118	7	0.1	1	3 4
119	14	0.1	1	9 5
120	7	0.1	1	3 4
121	6	0.1	1	0 6
122	5	0.1	1	2 3
123	5	0.1	1	1 4
124	9	0.1	1	3 6
125	10	0.1	1	1 9
126	1	0.1	1	0 1
127	6	0.1	1	0 6
128	11	0.1	1	4 7
129	6	0.1	1	1 5
130	3	0.1	1	2 1
131	12	0.1	1	0 12
132	6	0.1	1	2 4
133	3	0.1	1	0 3
134	6	0.1	1	1 5
135	4	0.1	1	0 4
136	10	0.1	1	4 6
137	11	0.1	1	1 10
138	8	0.1	1	2 6
139	5	0.1	1	0 5
140	6	0.1	1	1 5
141	11	0.1	1	0 11
142	6	0.1	1	2 4
143	5	0.1	1	1 4
144	3	0.1	1	0 3
145	4	0.1	1	0 4
146	3	0.1	1	1 2
147	3	0.1	1	1 2
148	4	0.1	1	2 2
149	10	0.1	1	2 8
150	12	0.1	1	6 6

RUN STATISTICS FOR INPUT FILE: /gpfs/scratch/ajh20fhu/fastq/X204SC26022514-Z01-F001/01.RawData/H_13_01/H_13_01_EKDN260003873-1A_23FVJMLT4_L1_2.fq.gz
=============================================
7537225 sequences processed in total
The length threshold of paired-end sequences gets evaluated later on (in the validation step)

Validate paired-end files H_13_01_EKDN260003873-1A_23FVJMLT4_L1_1_trimmed.fq.gz and H_13_01_EKDN260003873-1A_23FVJMLT4_L1_2_trimmed.fq.gz
file_1: H_13_01_EKDN260003873-1A_23FVJMLT4_L1_1_trimmed.fq.gz, file_2: H_13_01_EKDN260003873-1A_23FVJMLT4_L1_2_trimmed.fq.gz


>>>>> Now validing the length of the 2 paired-end infiles: H_13_01_EKDN260003873-1A_23FVJMLT4_L1_1_trimmed.fq.gz and H_13_01_EKDN260003873-1A_23FVJMLT4_L1_2_trimmed.fq.gz <<<<<
Writing validated paired-end Read 1 reads to H_13_01_EKDN260003873-1A_23FVJMLT4_L1_1_val_1.fq.gz
Writing validated paired-end Read 2 reads to H_13_01_EKDN260003873-1A_23FVJMLT4_L1_2_val_2.fq.gz

Total number of sequences analysed: 7537225

Number of sequence pairs removed because at least one read was shorter than the length cutoff (20 bp): 7660 (0.10%)

Deleting both intermediate output files H_13_01_EKDN260003873-1A_23FVJMLT4_L1_1_trimmed.fq.gz and H_13_01_EKDN260003873-1A_23FVJMLT4_L1_2_trimmed.fq.gz

====================================================================================================

Path to Cutadapt set as: 'cutadapt' (default)
Cutadapt seems to be working fine (tested command 'cutadapt --version')
Cutadapt version: 4.9
Cutadapt seems to be using Python 3! Proceeding with multi-core enabled Cutadapt using 8 cores
Proceeding with 'gzip' for compression. PLEASE NOTE: Using multi-cores for trimming with 'gzip' only has only very limited effect! (see here: https://github.com/FelixKrueger/TrimGalore/issues/16#issuecomment-458557103)
To increase performance, please install 'pigz' and run again

Proceeding with 'gzip' for decompression
To decrease CPU usage of decompression, please install 'igzip' and run again

No quality encoding type selected. Assuming that the data provided uses Sanger encoded Phred scores (default)

Output will be written into the directory: /gpfs/scratch/ajh20fhu/qc/


AUTO-DETECTING ADAPTER TYPE
===========================
Attempting to auto-detect adapter type from the first 1 million sequences of the first file (>> /gpfs/scratch/ajh20fhu/fastq/X204SC26022514-Z01-F001/01.RawData/NH_12_01/NH_12_01_EKDN260003874-1A_23FVJMLT4_L1_1.fq.gz <<)

Found perfect matches for the following adapter sequences:
Adapter type	Count	Sequence	Sequences analysed	Percentage
Illumina	2151	AGATCGGAAGAGC	1000000	0.22
smallRNA	12	TGGAATTCTCGG	1000000	0.00
Nextera	4	CTGTCTCTTATA	1000000	0.00
Using Illumina adapter for trimming (count: 2151). Second best hit was smallRNA (count: 12)

Writing report to '/gpfs/scratch/ajh20fhu/qc/NH_12_01_EKDN260003874-1A_23FVJMLT4_L1_1.fq.gz_trimming_report.txt'

SUMMARISING RUN PARAMETERS
==========================
Input filename: /gpfs/scratch/ajh20fhu/fastq/X204SC26022514-Z01-F001/01.RawData/NH_12_01/NH_12_01_EKDN260003874-1A_23FVJMLT4_L1_1.fq.gz
Trimming mode: paired-end
Trim Galore version: 0.6.10
Cutadapt version: 4.9
Python version: 3.12.3
Number of cores used for trimming: 8
Quality Phred score cutoff: 20
Quality encoding type selected: ASCII+33
Adapter sequence: 'AGATCGGAAGAGC' (Illumina TruSeq, Sanger iPCR; auto-detected)
Maximum trimming error rate: 0.1 (default)
Minimum required adapter overlap (stringency): 1 bp
Minimum required sequence length for both reads before a sequence pair gets removed: 20 bp
Output file(s) will be GZIP compressed

Cutadapt seems to be fairly up-to-date (version 4.9). Setting -j 8
Writing final adapter and quality trimmed output to NH_12_01_EKDN260003874-1A_23FVJMLT4_L1_1_trimmed.fq.gz


  >>> Now performing quality (cutoff '-q 20') and adapter trimming in a single pass for the adapter sequence: 'AGATCGGAAGAGC' from file /gpfs/scratch/ajh20fhu/fastq/X204SC26022514-Z01-F001/01.RawData/NH_12_01/NH_12_01_EKDN260003874-1A_23FVJMLT4_L1_1.fq.gz <<< 
This is cutadapt 4.9 with Python 3.12.3
Command line parameters: -j 8 -e 0.1 -q 20 -O 1 -a AGATCGGAAGAGC /gpfs/scratch/ajh20fhu/fastq/X204SC26022514-Z01-F001/01.RawData/NH_12_01/NH_12_01_EKDN260003874-1A_23FVJMLT4_L1_1.fq.gz
Processing single-end reads on 8 cores ...
Finished in 162.755 s (25.573 µs/read; 2.35 M reads/minute).

=== Summary ===

Total reads processed:               6,364,340
Reads with adapters:                 1,987,663 (31.2%)
Reads written (passing filters):     6,364,340 (100.0%)

Total basepairs processed:   954,651,000 bp
Quality-trimmed:                 488,027 bp (0.1%)
Total written (filtered):    951,007,092 bp (99.6%)

=== Adapter 1 ===

Sequence: AGATCGGAAGAGC; Type: regular 3'; Length: 13; Trimmed: 1987663 times

Minimum overlap: 1
No. of allowed errors:
1-9 bp: 0; 10-13 bp: 1

Bases preceding removed adapters:
  A: 31.8%
  C: 29.6%
  G: 19.4%
  T: 19.1%
  none/other: 0.0%

Overview of removed sequences
length	count	expect	max.err	error counts
1	1502678	1591085.0	0	1502678
2	344311	397771.2	0	344311
3	83241	99442.8	0	83241
4	23918	24860.7	0	23918
5	7213	6215.2	0	7213
6	3135	1553.8	0	3135
7	1677	388.4	0	1677
8	1437	97.1	0	1437
9	1325	24.3	0	1157 168
10	1311	6.1	1	1107 204
11	1083	1.5	1	968 115
12	991	0.4	1	928 63
13	917	0.1	1	868 49
14	839	0.1	1	796 43
15	784	0.1	1	741 43
16	685	0.1	1	635 50
17	702	0.1	1	659 43
18	692	0.1	1	666 26
19	632	0.1	1	589 43
20	610	0.1	1	564 46
21	542	0.1	1	507 35
22	521	0.1	1	490 31
23	453	0.1	1	411 42
24	391	0.1	1	371 20
25	431	0.1	1	400 31
26	383	0.1	1	363 20
27	406	0.1	1	379 27
28	366	0.1	1	344 22
29	363	0.1	1	339 24
30	335	0.1	1	317 18
31	269	0.1	1	247 22
32	258	0.1	1	239 19
33	239	0.1	1	223 16
34	249	0.1	1	230 19
35	218	0.1	1	199 19
36	191	0.1	1	172 19
37	183	0.1	1	177 6
38	194	0.1	1	177 17
39	209	0.1	1	190 19
40	210	0.1	1	195 15
41	146	0.1	1	132 14
42	141	0.1	1	129 12
43	144	0.1	1	132 12
44	96	0.1	1	92 4
45	110	0.1	1	100 10
46	150	0.1	1	137 13
47	116	0.1	1	105 11
48	110	0.1	1	103 7
49	77	0.1	1	58 19
50	255	0.1	1	243 12
51	91	0.1	1	82 9
52	43	0.1	1	31 12
53	66	0.1	1	53 13
54	72	0.1	1	67 5
55	30	0.1	1	24 6
56	70	0.1	1	63 7
57	29	0.1	1	18 11
58	43	0.1	1	36 7
59	23	0.1	1	20 3
60	35	0.1	1	28 7
61	89	0.1	1	86 3
62	24	0.1	1	15 9
63	67	0.1	1	56 11
64	10	0.1	1	3 7
65	8	0.1	1	3 5
66	28	0.1	1	26 2
67	54	0.1	1	50 4
68	8	0.1	1	2 6
69	7	0.1	1	1 6
70	22	0.1	1	17 5
71	18	0.1	1	8 10
72	18	0.1	1	14 4
73	7	0.1	1	3 4
74	12	0.1	1	4 8
75	6	0.1	1	4 2
76	13	0.1	1	10 3
77	17	0.1	1	12 5
78	15	0.1	1	11 4
79	20	0.1	1	14 6
80	13	0.1	1	12 1
81	16	0.1	1	10 6
82	17	0.1	1	10 7
83	14	0.1	1	10 4
84	9	0.1	1	6 3
85	11	0.1	1	9 2
86	9	0.1	1	8 1
87	10	0.1	1	4 6
88	15	0.1	1	9 6
89	10	0.1	1	7 3
90	10	0.1	1	6 4
91	8	0.1	1	4 4
92	13	0.1	1	6 7
93	3	0.1	1	1 2
94	10	0.1	1	3 7
95	10	0.1	1	2 8
96	8	0.1	1	5 3
97	7	0.1	1	5 2
98	9	0.1	1	3 6
99	6	0.1	1	2 4
100	14	0.1	1	3 11
101	14	0.1	1	6 8
102	8	0.1	1	5 3
103	7	0.1	1	1 6
104	6	0.1	1	2 4
105	6	0.1	1	0 6
106	6	0.1	1	3 3
107	5	0.1	1	2 3
108	8	0.1	1	6 2
109	9	0.1	1	3 6
110	9	0.1	1	3 6
111	9	0.1	1	1 8
112	7	0.1	1	2 5
113	6	0.1	1	0 6
114	5	0.1	1	1 4
115	3	0.1	1	0 3
116	5	0.1	1	3 2
117	6	0.1	1	1 5
118	8	0.1	1	2 6
119	3	0.1	1	0 3
120	8	0.1	1	0 8
121	3	0.1	1	0 3
122	9	0.1	1	3 6
123	2	0.1	1	1 1
124	6	0.1	1	2 4
125	4	0.1	1	1 3
126	7	0.1	1	1 6
127	9	0.1	1	2 7
128	8	0.1	1	1 7
129	9	0.1	1	2 7
130	9	0.1	1	1 8
131	13	0.1	1	2 11
132	4	0.1	1	1 3
133	5	0.1	1	0 5
134	3	0.1	1	0 3
135	3	0.1	1	0 3
136	10	0.1	1	1 9
137	5	0.1	1	2 3
138	5	0.1	1	0 5
139	8	0.1	1	2 6
140	6	0.1	1	0 6
141	8	0.1	1	0 8
142	2	0.1	1	0 2
143	6	0.1	1	0 6
144	7	0.1	1	0 7
145	12	0.1	1	2 10
146	4	0.1	1	0 4
147	4	0.1	1	0 4
148	7	0.1	1	0 7
149	11	0.1	1	0 11
150	232	0.1	1	4 228

RUN STATISTICS FOR INPUT FILE: /gpfs/scratch/ajh20fhu/fastq/X204SC26022514-Z01-F001/01.RawData/NH_12_01/NH_12_01_EKDN260003874-1A_23FVJMLT4_L1_1.fq.gz
=============================================
6364340 sequences processed in total
The length threshold of paired-end sequences gets evaluated later on (in the validation step)

Writing report to '/gpfs/scratch/ajh20fhu/qc/NH_12_01_EKDN260003874-1A_23FVJMLT4_L1_2.fq.gz_trimming_report.txt'

SUMMARISING RUN PARAMETERS
==========================
Input filename: /gpfs/scratch/ajh20fhu/fastq/X204SC26022514-Z01-F001/01.RawData/NH_12_01/NH_12_01_EKDN260003874-1A_23FVJMLT4_L1_2.fq.gz
Trimming mode: paired-end
Trim Galore version: 0.6.10
Cutadapt version: 4.9
Python version: 3.12.3
Number of cores used for trimming: 8
Quality Phred score cutoff: 20
Quality encoding type selected: ASCII+33
Adapter sequence: 'AGATCGGAAGAGC' (Illumina TruSeq, Sanger iPCR; auto-detected)
Maximum trimming error rate: 0.1 (default)
Minimum required adapter overlap (stringency): 1 bp
Minimum required sequence length for both reads before a sequence pair gets removed: 20 bp
Output file(s) will be GZIP compressed

Cutadapt seems to be fairly up-to-date (version 4.9). Setting -j -j 8
Writing final adapter and quality trimmed output to NH_12_01_EKDN260003874-1A_23FVJMLT4_L1_2_trimmed.fq.gz


  >>> Now performing quality (cutoff '-q 20') and adapter trimming in a single pass for the adapter sequence: 'AGATCGGAAGAGC' from file /gpfs/scratch/ajh20fhu/fastq/X204SC26022514-Z01-F001/01.RawData/NH_12_01/NH_12_01_EKDN260003874-1A_23FVJMLT4_L1_2.fq.gz <<< 
This is cutadapt 4.9 with Python 3.12.3
Command line parameters: -j 8 -e 0.1 -q 20 -O 1 -a AGATCGGAAGAGC /gpfs/scratch/ajh20fhu/fastq/X204SC26022514-Z01-F001/01.RawData/NH_12_01/NH_12_01_EKDN260003874-1A_23FVJMLT4_L1_2.fq.gz
Processing single-end reads on 8 cores ...
Finished in 163.943 s (25.760 µs/read; 2.33 M reads/minute).

=== Summary ===

Total reads processed:               6,364,340
Reads with adapters:                 1,982,902 (31.2%)
Reads written (passing filters):     6,364,340 (100.0%)

Total basepairs processed:   954,651,000 bp
Quality-trimmed:               1,797,832 bp (0.2%)
Total written (filtered):    949,735,184 bp (99.5%)

=== Adapter 1 ===

Sequence: AGATCGGAAGAGC; Type: regular 3'; Length: 13; Trimmed: 1982902 times

Minimum overlap: 1
No. of allowed errors:
1-9 bp: 0; 10-13 bp: 1

Bases preceding removed adapters:
  A: 31.8%
  C: 29.8%
  G: 19.3%
  T: 19.1%
  none/other: 0.0%

Overview of removed sequences
length	count	expect	max.err	error counts
1	1500540	1591085.0	0	1500540
2	342499	397771.2	0	342499
3	82835	99442.8	0	82835
4	23651	24860.7	0	23651
5	7317	6215.2	0	7317
6	3164	1553.8	0	3164
7	1624	388.4	0	1624
8	1416	97.1	0	1416
9	1325	24.3	0	1177 148
10	1307	6.1	1	1110 197
11	1108	1.5	1	950 158
12	994	0.4	1	923 71
13	901	0.1	1	841 60
14	837	0.1	1	788 49
15	791	0.1	1	735 56
16	682	0.1	1	650 32
17	697	0.1	1	649 48
18	704	0.1	1	650 54
19	695	0.1	1	651 44
20	658	0.1	1	626 32
21	471	0.1	1	440 31
22	503	0.1	1	469 34
23	458	0.1	1	420 38
24	459	0.1	1	429 30
25	406	0.1	1	377 29
26	372	0.1	1	352 20
27	478	0.1	1	443 35
28	339	0.1	1	313 26
29	327	0.1	1	301 26
30	343	0.1	1	322 21
31	243	0.1	1	219 24
32	250	0.1	1	234 16
33	224	0.1	1	208 16
34	267	0.1	1	246 21
35	203	0.1	1	188 15
36	200	0.1	1	183 17
37	207	0.1	1	184 23
38	192	0.1	1	175 17
39	189	0.1	1	173 16
40	213	0.1	1	196 17
41	134	0.1	1	123 11
42	135	0.1	1	128 7
43	128	0.1	1	117 11
44	87	0.1	1	76 11
45	116	0.1	1	106 10
46	92	0.1	1	81 11
47	144	0.1	1	129 15
48	70	0.1	1	59 11
49	84	0.1	1	73 11
50	87	0.1	1	75 12
51	70	0.1	1	64 6
52	67	0.1	1	54 13
53	72	0.1	1	65 7
54	62	0.1	1	54 8
55	53	0.1	1	48 5
56	56	0.1	1	50 6
57	62	0.1	1	56 6
58	45	0.1	1	35 10
59	60	0.1	1	54 6
60	62	0.1	1	57 5
61	50	0.1	1	44 6
62	35	0.1	1	28 7
63	45	0.1	1	36 9
64	46	0.1	1	32 14
65	30	0.1	1	24 6
66	36	0.1	1	32 4
67	31	0.1	1	26 5
68	23	0.1	1	14 9
69	36	0.1	1	24 12
70	35	0.1	1	27 8
71	21	0.1	1	13 8
72	18	0.1	1	17 1
73	15	0.1	1	11 4
74	27	0.1	1	18 9
75	11	0.1	1	8 3
76	23	0.1	1	14 9
77	22	0.1	1	16 6
78	9	0.1	1	2 7
79	21	0.1	1	11 10
80	15	0.1	1	14 1
81	20	0.1	1	11 9
82	10	0.1	1	6 4
83	17	0.1	1	9 8
84	10	0.1	1	7 3
85	19	0.1	1	10 9
86	12	0.1	1	8 4
87	10	0.1	1	5 5
88	17	0.1	1	10 7
89	8	0.1	1	5 3
90	12	0.1	1	6 6
91	7	0.1	1	3 4
92	13	0.1	1	6 7
93	5	0.1	1	1 4
94	12	0.1	1	4 8
95	8	0.1	1	2 6
96	11	0.1	1	5 6
97	9	0.1	1	6 3
98	6	0.1	1	3 3
99	9	0.1	1	2 7
100	11	0.1	1	7 4
101	12	0.1	1	7 5
102	11	0.1	1	5 6
103	5	0.1	1	2 3
104	4	0.1	1	1 3
105	6	0.1	1	1 5
106	12	0.1	1	5 7
107	7	0.1	1	2 5
108	13	0.1	1	3 10
109	11	0.1	1	4 7
110	17	0.1	1	4 13
111	9	0.1	1	2 7
112	7	0.1	1	2 5
113	10	0.1	1	1 9
114	13	0.1	1	2 11
115	10	0.1	1	0 10
116	9	0.1	1	3 6
117	8	0.1	1	1 7
118	9	0.1	1	2 7
119	13	0.1	1	3 10
120	5	0.1	1	1 4
121	3	0.1	1	0 3
122	2	0.1	1	2
123	2	0.1	1	1 1
124	9	0.1	1	3 6
125	5	0.1	1	1 4
126	4	0.1	1	1 3
127	5	0.1	1	2 3
128	5	0.1	1	1 4
129	4	0.1	1	2 2
130	1	0.1	1	1
131	7	0.1	1	2 5
132	7	0.1	1	1 6
133	5	0.1	1	0 5
134	5	0.1	1	0 5
135	3	0.1	1	0 3
136	10	0.1	1	2 8
137	8	0.1	1	3 5
138	3	0.1	1	0 3
139	5	0.1	1	2 3
140	3	0.1	1	0 3
141	5	0.1	1	0 5
142	7	0.1	1	1 6
143	2	0.1	1	0 2
144	8	0.1	1	1 7
145	10	0.1	1	2 8
146	4	0.1	1	0 4
147	3	0.1	1	0 3
148	7	0.1	1	0 7
149	6	0.1	1	0 6
150	13	0.1	1	4 9

RUN STATISTICS FOR INPUT FILE: /gpfs/scratch/ajh20fhu/fastq/X204SC26022514-Z01-F001/01.RawData/NH_12_01/NH_12_01_EKDN260003874-1A_23FVJMLT4_L1_2.fq.gz
=============================================
6364340 sequences processed in total
The length threshold of paired-end sequences gets evaluated later on (in the validation step)

Validate paired-end files NH_12_01_EKDN260003874-1A_23FVJMLT4_L1_1_trimmed.fq.gz and NH_12_01_EKDN260003874-1A_23FVJMLT4_L1_2_trimmed.fq.gz
file_1: NH_12_01_EKDN260003874-1A_23FVJMLT4_L1_1_trimmed.fq.gz, file_2: NH_12_01_EKDN260003874-1A_23FVJMLT4_L1_2_trimmed.fq.gz


>>>>> Now validing the length of the 2 paired-end infiles: NH_12_01_EKDN260003874-1A_23FVJMLT4_L1_1_trimmed.fq.gz and NH_12_01_EKDN260003874-1A_23FVJMLT4_L1_2_trimmed.fq.gz <<<<<
Writing validated paired-end Read 1 reads to NH_12_01_EKDN260003874-1A_23FVJMLT4_L1_1_val_1.fq.gz
Writing validated paired-end Read 2 reads to NH_12_01_EKDN260003874-1A_23FVJMLT4_L1_2_val_2.fq.gz

Total number of sequences analysed: 6364340

Number of sequence pairs removed because at least one read was shorter than the length cutoff (20 bp): 6640 (0.10%)

Deleting both intermediate output files NH_12_01_EKDN260003874-1A_23FVJMLT4_L1_1_trimmed.fq.gz and NH_12_01_EKDN260003874-1A_23FVJMLT4_L1_2_trimmed.fq.gz

====================================================================================================

