
 N E X T F L O W   ~  version 25.04.6

NOTE: Your local project version looks outdated - a different revision is available in the remote repository [0c370baf73]
Launching `https://github.com/nf-core/mag` [evil_wiles] DSL2 - revision: b52fa53592 [main]


------------------------------------------------------
                                        ,--./,-.
        ___     __   __   __   ___     /,-._.--~'
  |\ | |__  __ /  ` /  \ |__) |__         }  {
  | \| |       \__, \__/ |  \ |___     \`-._,-`-,
                                        `._,._,'
  nf-core/mag 5.4.0
------------------------------------------------------

Input/output options
  input                   : /gpfs/scratch/ajh20fhu/scripts/nfcoresheet.csv
  outdir                  : results

Generic options
  trace_report_suffix     : 2026-03-21_11-54-06

Taxonomic profiling options
  gtdbtk_min_completeness : 50.0
  gtdbtk_max_contamination: 10.0

Bin quality check options
  run_busco               : true

Core Nextflow options
  revision                : main
  runName                 : evil_wiles
  containerEngine         : apptainer
  launchDir               : /gpfs/scratch/ajh20fhu/scripts
  workDir                 : /gpfs/scratch/ajh20fhu/scripts/work
  projectDir              : /gpfs/home/ajh20fhu/.nextflow/assets/nf-core/mag
  userName                : ajh20fhu
  profile                 : apptainer
  configFiles             : /gpfs/home/ajh20fhu/.nextflow/assets/nf-core/mag/nextflow.config

!! Only displaying parameters that differ from the pipeline defaults !!
------------------------------------------------------

* The pipeline
    https://doi.org/10.1093/nargab/lqac007

* The nf-core framework
    https://doi.org/10.1038/s41587-020-0439-x

* Software dependencies
    https://github.com/nf-core/mag/blob/main/CITATIONS.md

ERROR ~ Validation of pipeline parameters failed!

 -- Check '.nextflow.log' file for details
