Requirement already satisfied: pip in /gpfs/home/ajh20fhu/metaphlan_env/lib/python3.7/site-packages (24.0)
Installing MetaPhlAn 4.2.4...
Requirement already satisfied: metaphlan==4.2.4 in /gpfs/home/ajh20fhu/metaphlan_env/lib/python3.7/site-packages (4.2.4)
Requirement already satisfied: numpy in /gpfs/home/ajh20fhu/metaphlan_env/lib/python3.7/site-packages (from metaphlan==4.2.4) (1.21.6)
Requirement already satisfied: h5py in /gpfs/home/ajh20fhu/metaphlan_env/lib/python3.7/site-packages (from metaphlan==4.2.4) (3.8.0)
Requirement already satisfied: biom-format in /gpfs/home/ajh20fhu/metaphlan_env/lib/python3.7/site-packages (from metaphlan==4.2.4) (2.1.16)
Requirement already satisfied: biopython in /gpfs/home/ajh20fhu/metaphlan_env/lib/python3.7/site-packages (from metaphlan==4.2.4) (1.81)
Requirement already satisfied: pandas in /gpfs/home/ajh20fhu/metaphlan_env/lib/python3.7/site-packages (from metaphlan==4.2.4) (1.3.5)
Requirement already satisfied: scipy in /gpfs/home/ajh20fhu/metaphlan_env/lib/python3.7/site-packages (from metaphlan==4.2.4) (1.7.3)
Requirement already satisfied: requests in /gpfs/home/ajh20fhu/metaphlan_env/lib/python3.7/site-packages (from metaphlan==4.2.4) (2.31.0)
Requirement already satisfied: dendropy in /gpfs/home/ajh20fhu/metaphlan_env/lib/python3.7/site-packages (from metaphlan==4.2.4) (5.0.8)
Requirement already satisfied: pysam in /gpfs/home/ajh20fhu/metaphlan_env/lib/python3.7/site-packages (from metaphlan==4.2.4) (0.23.0)
Requirement already satisfied: phylophlan in /gpfs/home/ajh20fhu/metaphlan_env/lib/python3.7/site-packages (from metaphlan==4.2.4) (3.2.1)
Requirement already satisfied: click in /gpfs/home/ajh20fhu/metaphlan_env/lib/python3.7/site-packages (from biom-format->metaphlan==4.2.4) (8.1.8)
Requirement already satisfied: python-dateutil>=2.7.3 in /gpfs/home/ajh20fhu/metaphlan_env/lib/python3.7/site-packages (from pandas->metaphlan==4.2.4) (2.9.0.post0)
Requirement already satisfied: pytz>=2017.3 in /gpfs/home/ajh20fhu/metaphlan_env/lib/python3.7/site-packages (from pandas->metaphlan==4.2.4) (2026.1.post1)
Requirement already satisfied: setuptools in /gpfs/home/ajh20fhu/metaphlan_env/lib/python3.7/site-packages (from dendropy->metaphlan==4.2.4) (40.8.0)
Requirement already satisfied: matplotlib in /gpfs/home/ajh20fhu/metaphlan_env/lib/python3.7/site-packages (from phylophlan->metaphlan==4.2.4) (3.5.3)
Requirement already satisfied: seaborn in /gpfs/home/ajh20fhu/metaphlan_env/lib/python3.7/site-packages (from phylophlan->metaphlan==4.2.4) (0.12.2)
Requirement already satisfied: tqdm in /gpfs/home/ajh20fhu/metaphlan_env/lib/python3.7/site-packages (from phylophlan->metaphlan==4.2.4) (4.67.3)
Requirement already satisfied: charset-normalizer<4,>=2 in /gpfs/home/ajh20fhu/metaphlan_env/lib/python3.7/site-packages (from requests->metaphlan==4.2.4) (3.4.6)
Requirement already satisfied: idna<4,>=2.5 in /gpfs/home/ajh20fhu/metaphlan_env/lib/python3.7/site-packages (from requests->metaphlan==4.2.4) (3.10)
Requirement already satisfied: urllib3<3,>=1.21.1 in /gpfs/home/ajh20fhu/metaphlan_env/lib/python3.7/site-packages (from requests->metaphlan==4.2.4) (2.0.7)
Requirement already satisfied: certifi>=2017.4.17 in /gpfs/home/ajh20fhu/metaphlan_env/lib/python3.7/site-packages (from requests->metaphlan==4.2.4) (2026.2.25)
Requirement already satisfied: six>=1.5 in /gpfs/home/ajh20fhu/metaphlan_env/lib/python3.7/site-packages (from python-dateutil>=2.7.3->pandas->metaphlan==4.2.4) (1.17.0)
Requirement already satisfied: importlib-metadata in /gpfs/home/ajh20fhu/metaphlan_env/lib/python3.7/site-packages (from click->biom-format->metaphlan==4.2.4) (6.7.0)
Requirement already satisfied: cycler>=0.10 in /gpfs/home/ajh20fhu/metaphlan_env/lib/python3.7/site-packages (from matplotlib->phylophlan->metaphlan==4.2.4) (0.11.0)
Requirement already satisfied: fonttools>=4.22.0 in /gpfs/home/ajh20fhu/metaphlan_env/lib/python3.7/site-packages (from matplotlib->phylophlan->metaphlan==4.2.4) (4.38.0)
Requirement already satisfied: kiwisolver>=1.0.1 in /gpfs/home/ajh20fhu/metaphlan_env/lib/python3.7/site-packages (from matplotlib->phylophlan->metaphlan==4.2.4) (1.4.5)
Requirement already satisfied: packaging>=20.0 in /gpfs/home/ajh20fhu/metaphlan_env/lib/python3.7/site-packages (from matplotlib->phylophlan->metaphlan==4.2.4) (24.0)
Requirement already satisfied: pillow>=6.2.0 in /gpfs/home/ajh20fhu/metaphlan_env/lib/python3.7/site-packages (from matplotlib->phylophlan->metaphlan==4.2.4) (9.5.0)
Requirement already satisfied: pyparsing>=2.2.1 in /gpfs/home/ajh20fhu/metaphlan_env/lib/python3.7/site-packages (from matplotlib->phylophlan->metaphlan==4.2.4) (3.1.4)
Requirement already satisfied: typing_extensions in /gpfs/home/ajh20fhu/metaphlan_env/lib/python3.7/site-packages (from seaborn->phylophlan->metaphlan==4.2.4) (4.7.1)
Requirement already satisfied: zipp>=0.5 in /gpfs/home/ajh20fhu/metaphlan_env/lib/python3.7/site-packages (from importlib-metadata->click->biom-format->metaphlan==4.2.4) (3.15.0)
MetaPhlAn installed successfully!
Downloading MetaPhlAn database...
--2026-03-27 05:50:50--  https://data.biobakery.org/metaphlan_databases/mpa_v30_CHOCOPhlAnSGB_202503.tar
Resolving data.biobakery.org (data.biobakery.org)... 35.199.34.159
Connecting to data.biobakery.org (data.biobakery.org)|35.199.34.159|:443... slurmstepd: error: *** JOB 2115671 ON compute082 CANCELLED AT 2026-03-27T05:51:37 ***
