/tmp/slurmd/job2080940/slurm_script: line 10: cd: /gpfs/scratch/ajh20fhu/scripts/results/GenomeBinning/MaxBin2/bins/drep_MaxBin2_out/dereplicated_genomes: No such file or directory
usage: emapper.py [-h] [-v] [--list_taxa] [--cpu NUM_CPU]
                  [--mp_start_method {fork,spawn,forkserver}] [--resume]
                  [--override] [-i FASTA_FILE]
                  [--itype {CDS,proteins,genome,metagenome}] [--translate]
                  [--annotate_hits_table SEED_ORTHOLOGS_FILE] [-c FILE]
                  [--data_dir DIR] [--genepred {search,prodigal}]
                  [--trans_table TRANS_TABLE_CODE] [--training_genome FILE]
                  [--training_file FILE]
                  [--allow_overlaps {none,strand,diff_frame,all}]
                  [--overlap_tol FLOAT]
                  [-m {diamond,mmseqs,hmmer,no_search,cache,novel_fams}]
                  [--pident PIDENT] [--query_cover QUERY_COVER]
                  [--subject_cover SUBJECT_COVER] [--evalue EVALUE]
                  [--score SCORE] [--dmnd_algo {auto,0,1,ctg}]
                  [--dmnd_db DMND_DB_FILE]
                  [--sensmode {default,fast,mid-sensitive,sensitive,more-sensitive,very-sensitive,ultra-sensitive}]
                  [--dmnd_iterate {yes,no}]
                  [--matrix {BLOSUM62,BLOSUM90,BLOSUM80,BLOSUM50,BLOSUM45,PAM250,PAM70,PAM30}]
                  [--dmnd_frameshift DMND_FRAMESHIFT] [--gapopen GAPOPEN]
                  [--gapextend GAPEXTEND] [--block_size BLOCK_SIZE]
                  [--index_chunks CHUNKS] [--outfmt_short]
                  [--dmnd_ignore_warnings] [--mmseqs_db MMSEQS_DB_FILE]
                  [--start_sens START_SENS] [--sens_steps SENS_STEPS]
                  [--final_sens FINAL_SENS] [--mmseqs_sub_mat SUBS_MATRIX]
                  [-d HMMER_DB_PREFIX] [--servers_list FILE]
                  [--qtype {hmm,seq}] [--dbtype {hmmdb,seqdb}] [--usemem]
                  [-p PORT] [--end_port PORT] [--num_servers NUM_SERVERS]
                  [--num_workers NUM_WORKERS]
                  [--timeout_load_server TIMEOUT_LOAD_SERVER]
                  [--hmm_maxhits MAXHITS] [--report_no_hits]
                  [--hmm_maxseqlen MAXSEQLEN] [--Z DB_SIZE] [--cut_ga]
                  [--clean_overlaps none|all|clans|hmmsearch_all|hmmsearch_clans]
                  [--no_annot] [--dbmem] [--seed_ortholog_evalue MIN_E-VALUE]
                  [--seed_ortholog_score MIN_SCORE] [--tax_scope TAX_SCOPE]
                  [--tax_scope_mode TAX_SCOPE_MODE]
                  [--target_orthologs {one2one,many2one,one2many,many2many,all}]
                  [--target_taxa LIST_OF_TAX_IDS]
                  [--excluded_taxa LIST_OF_TAX_IDS] [--report_orthologs]
                  [--go_evidence {experimental,non-electronic,all}]
                  [--pfam_realign {none,realign,denovo}] [--md5]
                  [--output FILE_PREFIX] [--output_dir DIR]
                  [--scratch_dir DIR] [--temp_dir DIR] [--no_file_comments]
                  [--decorate_gff DECORATE_GFF]
                  [--decorate_gff_ID_field DECORATE_GFF_ID_FIELD] [--excel]
emapper.py: error: argument -i: invalid existing_file value: '*.fa'
