Working directory: /gpfs/scratch/ajh20fhu/nfcore/nfcore_magpipeline_21032026_trial/results/GenomeBinning/MaxBin2/bins/drep_MaxBin2_out/dereplicated_genomes
Using eggNOG database: /gpfs/scratch/ajh20fhu/nfcore/nfcore_magpipeline_21032026_trial/results/GenomeBinning/MaxBin2/bins/drep_MaxBin2_out/dereplicated_genomes/eggnog_db
==============================
Running eggNOG on MEGAHIT-MaxBin2-NH_12_01.001.fa
Start time: Sun Mar 22 23:00:26 GMT 2026
==============================
#  emapper-2.1.13
# emapper.py  -i MEGAHIT-MaxBin2-NH_12_01.001.fa -o MEGAHIT-MaxBin2-NH_12_01.001_eggnog --cpu 8 --data_dir /gpfs/scratch/ajh20fhu/nfcore/nfcore_magpipeline_21032026_trial/results/GenomeBinning/MaxBin2/bins/drep_MaxBin2_out/dereplicated_genomes/eggnog_db --translate --itype genome --override
[1;33m  /gpfs/home/ajh20fhu/.conda/envs/eggnog_env/bin/diamond blastx -d '/gpfs/scratch/ajh20fhu/nfcore/nfcore_magpipeline_21032026_trial/results/GenomeBinning/MaxBin2/bins/drep_MaxBin2_out/dereplicated_genomes/eggnog_db/eggnog_proteins.dmnd' -q '/gpfs/scratch/ajh20fhu/nfcore/nfcore_magpipeline_21032026_trial/results/GenomeBinning/MaxBin2/bins/drep_MaxBin2_out/dereplicated_genomes/MEGAHIT-MaxBin2-NH_12_01.001.fa' --threads 8 -o '/gpfs/scratch/ajh20fhu/nfcore/nfcore_magpipeline_21032026_trial/results/GenomeBinning/MaxBin2/bins/drep_MaxBin2_out/dereplicated_genomes/MEGAHIT-MaxBin2-NH_12_01.001_eggnog.emapper.hits' --tmpdir '/gpfs/scratch/ajh20fhu/nfcore/nfcore_magpipeline_21032026_trial/results/GenomeBinning/MaxBin2/bins/drep_MaxBin2_out/dereplicated_genomes/emappertmp_dmdn_if7rot48' --sensitive --iterate -e 0.001 --max-target-seqs 0 --max-hsps 0  --outfmt 6 qseqid sseqid pident length mismatch gapopen qstart qend sstart send evalue bitscore qcovhsp scovhsp[0m
[1;32mCrafting GFF file of CDS ...[0m
[1;32mCrafting fasta file of CDS ...[0m
[32mDone[0m
[1;33mResult files:[0m
   /gpfs/scratch/ajh20fhu/nfcore/nfcore_magpipeline_21032026_trial/results/GenomeBinning/MaxBin2/bins/drep_MaxBin2_out/dereplicated_genomes/MEGAHIT-MaxBin2-NH_12_01.001_eggnog.emapper.genepred.fasta
   /gpfs/scratch/ajh20fhu/nfcore/nfcore_magpipeline_21032026_trial/results/GenomeBinning/MaxBin2/bins/drep_MaxBin2_out/dereplicated_genomes/MEGAHIT-MaxBin2-NH_12_01.001_eggnog.emapper.genepred.gff
   /gpfs/scratch/ajh20fhu/nfcore/nfcore_magpipeline_21032026_trial/results/GenomeBinning/MaxBin2/bins/drep_MaxBin2_out/dereplicated_genomes/MEGAHIT-MaxBin2-NH_12_01.001_eggnog.emapper.hits
   /gpfs/scratch/ajh20fhu/nfcore/nfcore_magpipeline_21032026_trial/results/GenomeBinning/MaxBin2/bins/drep_MaxBin2_out/dereplicated_genomes/MEGAHIT-MaxBin2-NH_12_01.001_eggnog.emapper.seed_orthologs
   /gpfs/scratch/ajh20fhu/nfcore/nfcore_magpipeline_21032026_trial/results/GenomeBinning/MaxBin2/bins/drep_MaxBin2_out/dereplicated_genomes/MEGAHIT-MaxBin2-NH_12_01.001_eggnog.emapper.annotations

================================================================================
CITATION:
If you use this software, please cite:

[1] eggNOG-mapper v2: functional annotation, orthology assignments, and domain 
      prediction at the metagenomic scale. Carlos P. Cantalapiedra, 
      Ana Hernandez-Plaza, Ivica Letunic, Peer Bork, Jaime Huerta-Cepas. 2021.
      Molecular Biology and Evolution, msab293, https://doi.org/10.1093/molbev/msab293

[2] eggNOG 5.0: a hierarchical, functionally and phylogenetically annotated
      orthology resource based on 5090 organisms and 2502 viruses. Jaime
      Huerta-Cepas, Damian Szklarczyk, Davide Heller, Ana Hernandez-Plaza,
      Sofia K Forslund, Helen Cook, Daniel R Mende, Ivica Letunic, Thomas
      Rattei, Lars J Jensen, Christian von Mering and Peer Bork. Nucleic Acids
      Research, Volume 47, Issue D1, 8 January 2019, Pages D309-D314,
      https://doi.org/10.1093/nar/gky1085 

[3] Sensitive protein alignments at tree-of-life scale using DIAMOND.
       Buchfink B, Reuter K, Drost HG. 2021.
       Nature Methods 18, 366–368 (2021). https://doi.org/10.1038/s41592-021-01101-x

e.g. Functional annotation was performed using eggNOG-mapper (version emapper-2.1.13) [1]
 based on eggNOG orthology data [2]. Sequence searches were performed using [3].

================================================================================

Total hits processed: 1459
Total time: 7753 secs
FINISHED
Finished MEGAHIT-MaxBin2-NH_12_01.001.fa at Mon Mar 23 01:09:46 GMT 2026
==============================
Running eggNOG on MEGAHIT-MaxBin2-NH_12_01.002.fa
Start time: Mon Mar 23 01:09:46 GMT 2026
==============================
#  emapper-2.1.13
# emapper.py  -i MEGAHIT-MaxBin2-NH_12_01.002.fa -o MEGAHIT-MaxBin2-NH_12_01.002_eggnog --cpu 8 --data_dir /gpfs/scratch/ajh20fhu/nfcore/nfcore_magpipeline_21032026_trial/results/GenomeBinning/MaxBin2/bins/drep_MaxBin2_out/dereplicated_genomes/eggnog_db --translate --itype genome --override
[1;33m  /gpfs/home/ajh20fhu/.conda/envs/eggnog_env/bin/diamond blastx -d '/gpfs/scratch/ajh20fhu/nfcore/nfcore_magpipeline_21032026_trial/results/GenomeBinning/MaxBin2/bins/drep_MaxBin2_out/dereplicated_genomes/eggnog_db/eggnog_proteins.dmnd' -q '/gpfs/scratch/ajh20fhu/nfcore/nfcore_magpipeline_21032026_trial/results/GenomeBinning/MaxBin2/bins/drep_MaxBin2_out/dereplicated_genomes/MEGAHIT-MaxBin2-NH_12_01.002.fa' --threads 8 -o '/gpfs/scratch/ajh20fhu/nfcore/nfcore_magpipeline_21032026_trial/results/GenomeBinning/MaxBin2/bins/drep_MaxBin2_out/dereplicated_genomes/MEGAHIT-MaxBin2-NH_12_01.002_eggnog.emapper.hits' --tmpdir '/gpfs/scratch/ajh20fhu/nfcore/nfcore_magpipeline_21032026_trial/results/GenomeBinning/MaxBin2/bins/drep_MaxBin2_out/dereplicated_genomes/emappertmp_dmdn__i7xhr91' --sensitive --iterate -e 0.001 --max-target-seqs 0 --max-hsps 0  --outfmt 6 qseqid sseqid pident length mismatch gapopen qstart qend sstart send evalue bitscore qcovhsp scovhsp[0m
[1;32mCrafting GFF file of CDS ...[0m
[1;32mCrafting fasta file of CDS ...[0m
[32mDone[0m
[1;33mResult files:[0m
   /gpfs/scratch/ajh20fhu/nfcore/nfcore_magpipeline_21032026_trial/results/GenomeBinning/MaxBin2/bins/drep_MaxBin2_out/dereplicated_genomes/MEGAHIT-MaxBin2-NH_12_01.002_eggnog.emapper.genepred.fasta
   /gpfs/scratch/ajh20fhu/nfcore/nfcore_magpipeline_21032026_trial/results/GenomeBinning/MaxBin2/bins/drep_MaxBin2_out/dereplicated_genomes/MEGAHIT-MaxBin2-NH_12_01.002_eggnog.emapper.genepred.gff
   /gpfs/scratch/ajh20fhu/nfcore/nfcore_magpipeline_21032026_trial/results/GenomeBinning/MaxBin2/bins/drep_MaxBin2_out/dereplicated_genomes/MEGAHIT-MaxBin2-NH_12_01.002_eggnog.emapper.hits
   /gpfs/scratch/ajh20fhu/nfcore/nfcore_magpipeline_21032026_trial/results/GenomeBinning/MaxBin2/bins/drep_MaxBin2_out/dereplicated_genomes/MEGAHIT-MaxBin2-NH_12_01.002_eggnog.emapper.seed_orthologs
   /gpfs/scratch/ajh20fhu/nfcore/nfcore_magpipeline_21032026_trial/results/GenomeBinning/MaxBin2/bins/drep_MaxBin2_out/dereplicated_genomes/MEGAHIT-MaxBin2-NH_12_01.002_eggnog.emapper.annotations

================================================================================
CITATION:
If you use this software, please cite:

[1] eggNOG-mapper v2: functional annotation, orthology assignments, and domain 
      prediction at the metagenomic scale. Carlos P. Cantalapiedra, 
      Ana Hernandez-Plaza, Ivica Letunic, Peer Bork, Jaime Huerta-Cepas. 2021.
      Molecular Biology and Evolution, msab293, https://doi.org/10.1093/molbev/msab293

[2] eggNOG 5.0: a hierarchical, functionally and phylogenetically annotated
      orthology resource based on 5090 organisms and 2502 viruses. Jaime
      Huerta-Cepas, Damian Szklarczyk, Davide Heller, Ana Hernandez-Plaza,
      Sofia K Forslund, Helen Cook, Daniel R Mende, Ivica Letunic, Thomas
      Rattei, Lars J Jensen, Christian von Mering and Peer Bork. Nucleic Acids
      Research, Volume 47, Issue D1, 8 January 2019, Pages D309-D314,
      https://doi.org/10.1093/nar/gky1085 

[3] Sensitive protein alignments at tree-of-life scale using DIAMOND.
       Buchfink B, Reuter K, Drost HG. 2021.
       Nature Methods 18, 366–368 (2021). https://doi.org/10.1038/s41592-021-01101-x

e.g. Functional annotation was performed using eggNOG-mapper (version emapper-2.1.13) [1]
 based on eggNOG orthology data [2]. Sequence searches were performed using [3].

================================================================================

Total hits processed: 1579
Total time: 8432 secs
FINISHED
Finished MEGAHIT-MaxBin2-NH_12_01.002.fa at Mon Mar 23 03:30:23 GMT 2026
==============================
Running eggNOG on SPAdes-MaxBin2-H_13_01.003.fa
Start time: Mon Mar 23 03:30:23 GMT 2026
==============================
#  emapper-2.1.13
# emapper.py  -i SPAdes-MaxBin2-H_13_01.003.fa -o SPAdes-MaxBin2-H_13_01.003_eggnog --cpu 8 --data_dir /gpfs/scratch/ajh20fhu/nfcore/nfcore_magpipeline_21032026_trial/results/GenomeBinning/MaxBin2/bins/drep_MaxBin2_out/dereplicated_genomes/eggnog_db --translate --itype genome --override
[1;33m  /gpfs/home/ajh20fhu/.conda/envs/eggnog_env/bin/diamond blastx -d '/gpfs/scratch/ajh20fhu/nfcore/nfcore_magpipeline_21032026_trial/results/GenomeBinning/MaxBin2/bins/drep_MaxBin2_out/dereplicated_genomes/eggnog_db/eggnog_proteins.dmnd' -q '/gpfs/scratch/ajh20fhu/nfcore/nfcore_magpipeline_21032026_trial/results/GenomeBinning/MaxBin2/bins/drep_MaxBin2_out/dereplicated_genomes/SPAdes-MaxBin2-H_13_01.003.fa' --threads 8 -o '/gpfs/scratch/ajh20fhu/nfcore/nfcore_magpipeline_21032026_trial/results/GenomeBinning/MaxBin2/bins/drep_MaxBin2_out/dereplicated_genomes/SPAdes-MaxBin2-H_13_01.003_eggnog.emapper.hits' --tmpdir '/gpfs/scratch/ajh20fhu/nfcore/nfcore_magpipeline_21032026_trial/results/GenomeBinning/MaxBin2/bins/drep_MaxBin2_out/dereplicated_genomes/emappertmp_dmdn_aq8ut68y' --sensitive --iterate -e 0.001 --max-target-seqs 0 --max-hsps 0  --outfmt 6 qseqid sseqid pident length mismatch gapopen qstart qend sstart send evalue bitscore qcovhsp scovhsp[0m
[1;32mCrafting GFF file of CDS ...[0m
[1;32mCrafting fasta file of CDS ...[0m
[32mDone[0m
[1;33mResult files:[0m
   /gpfs/scratch/ajh20fhu/nfcore/nfcore_magpipeline_21032026_trial/results/GenomeBinning/MaxBin2/bins/drep_MaxBin2_out/dereplicated_genomes/SPAdes-MaxBin2-H_13_01.003_eggnog.emapper.genepred.fasta
   /gpfs/scratch/ajh20fhu/nfcore/nfcore_magpipeline_21032026_trial/results/GenomeBinning/MaxBin2/bins/drep_MaxBin2_out/dereplicated_genomes/SPAdes-MaxBin2-H_13_01.003_eggnog.emapper.genepred.gff
   /gpfs/scratch/ajh20fhu/nfcore/nfcore_magpipeline_21032026_trial/results/GenomeBinning/MaxBin2/bins/drep_MaxBin2_out/dereplicated_genomes/SPAdes-MaxBin2-H_13_01.003_eggnog.emapper.hits
   /gpfs/scratch/ajh20fhu/nfcore/nfcore_magpipeline_21032026_trial/results/GenomeBinning/MaxBin2/bins/drep_MaxBin2_out/dereplicated_genomes/SPAdes-MaxBin2-H_13_01.003_eggnog.emapper.seed_orthologs
   /gpfs/scratch/ajh20fhu/nfcore/nfcore_magpipeline_21032026_trial/results/GenomeBinning/MaxBin2/bins/drep_MaxBin2_out/dereplicated_genomes/SPAdes-MaxBin2-H_13_01.003_eggnog.emapper.annotations

================================================================================
CITATION:
If you use this software, please cite:

[1] eggNOG-mapper v2: functional annotation, orthology assignments, and domain 
      prediction at the metagenomic scale. Carlos P. Cantalapiedra, 
      Ana Hernandez-Plaza, Ivica Letunic, Peer Bork, Jaime Huerta-Cepas. 2021.
      Molecular Biology and Evolution, msab293, https://doi.org/10.1093/molbev/msab293

[2] eggNOG 5.0: a hierarchical, functionally and phylogenetically annotated
      orthology resource based on 5090 organisms and 2502 viruses. Jaime
      Huerta-Cepas, Damian Szklarczyk, Davide Heller, Ana Hernandez-Plaza,
      Sofia K Forslund, Helen Cook, Daniel R Mende, Ivica Letunic, Thomas
      Rattei, Lars J Jensen, Christian von Mering and Peer Bork. Nucleic Acids
      Research, Volume 47, Issue D1, 8 January 2019, Pages D309-D314,
      https://doi.org/10.1093/nar/gky1085 

[3] Sensitive protein alignments at tree-of-life scale using DIAMOND.
       Buchfink B, Reuter K, Drost HG. 2021.
       Nature Methods 18, 366–368 (2021). https://doi.org/10.1038/s41592-021-01101-x

e.g. Functional annotation was performed using eggNOG-mapper (version emapper-2.1.13) [1]
 based on eggNOG orthology data [2]. Sequence searches were performed using [3].

================================================================================

Total hits processed: 1039
Total time: 7282 secs
FINISHED
Finished SPAdes-MaxBin2-H_13_01.003.fa at Mon Mar 23 05:31:49 GMT 2026
All MAGs completed successfully at Mon Mar 23 05:31:49 GMT 2026
