==============================
Running eggNOG on MEGAHIT-MaxBin2-NH_12_01.001.fa
Start time: Sun Mar 22 20:58:26 GMT 2026
==============================
#  emapper-2.1.13
# emapper.py  -i MEGAHIT-MaxBin2-NH_12_01.001.fa -o MEGAHIT-MaxBin2-NH_12_01.001_eggnog --cpu 8 --data_dir /gpfs/scratch/ajh20fhu/scripts/results/GenomeBinning/MaxBin2/bins/drep_MaxBin2_out/dereplicated_genomes/eggnog_db --translate --override
[1;33m  /gpfs/home/ajh20fhu/.conda/envs/eggnog_env/bin/diamond blastp -d '/gpfs/scratch/ajh20fhu/scripts/results/GenomeBinning/MaxBin2/bins/drep_MaxBin2_out/dereplicated_genomes/eggnog_db/eggnog_proteins.dmnd' -q '/gpfs/scratch/ajh20fhu/scripts/results/GenomeBinning/MaxBin2/bins/drep_MaxBin2_out/dereplicated_genomes/MEGAHIT-MaxBin2-NH_12_01.001.fa' --threads 8 -o '/gpfs/scratch/ajh20fhu/scripts/results/GenomeBinning/MaxBin2/bins/drep_MaxBin2_out/dereplicated_genomes/MEGAHIT-MaxBin2-NH_12_01.001_eggnog.emapper.hits' --tmpdir '/gpfs/scratch/ajh20fhu/scripts/results/GenomeBinning/MaxBin2/bins/drep_MaxBin2_out/dereplicated_genomes/emappertmp_dmdn_qerx83_2' --sensitive --iterate -e 0.001 --top 3  --outfmt 6 qseqid sseqid pident length mismatch gapopen qstart qend sstart send evalue bitscore qcovhsp scovhsp[0m
Error running diamond: Loading query sequences... Error: The sequences are expected to be proteins but only contain DNA letters. Use the option --ignore-warnings to proceed.
Finished MEGAHIT-MaxBin2-NH_12_01.001.fa at Sun Mar 22 20:58:29 GMT 2026
==============================
Running eggNOG on MEGAHIT-MaxBin2-NH_12_01.002.fa
Start time: Sun Mar 22 20:58:29 GMT 2026
==============================
#  emapper-2.1.13
# emapper.py  -i MEGAHIT-MaxBin2-NH_12_01.002.fa -o MEGAHIT-MaxBin2-NH_12_01.002_eggnog --cpu 8 --data_dir /gpfs/scratch/ajh20fhu/scripts/results/GenomeBinning/MaxBin2/bins/drep_MaxBin2_out/dereplicated_genomes/eggnog_db --translate --override
[1;33m  /gpfs/home/ajh20fhu/.conda/envs/eggnog_env/bin/diamond blastp -d '/gpfs/scratch/ajh20fhu/scripts/results/GenomeBinning/MaxBin2/bins/drep_MaxBin2_out/dereplicated_genomes/eggnog_db/eggnog_proteins.dmnd' -q '/gpfs/scratch/ajh20fhu/scripts/results/GenomeBinning/MaxBin2/bins/drep_MaxBin2_out/dereplicated_genomes/MEGAHIT-MaxBin2-NH_12_01.002.fa' --threads 8 -o '/gpfs/scratch/ajh20fhu/scripts/results/GenomeBinning/MaxBin2/bins/drep_MaxBin2_out/dereplicated_genomes/MEGAHIT-MaxBin2-NH_12_01.002_eggnog.emapper.hits' --tmpdir '/gpfs/scratch/ajh20fhu/scripts/results/GenomeBinning/MaxBin2/bins/drep_MaxBin2_out/dereplicated_genomes/emappertmp_dmdn_u5kfckgz' --sensitive --iterate -e 0.001 --top 3  --outfmt 6 qseqid sseqid pident length mismatch gapopen qstart qend sstart send evalue bitscore qcovhsp scovhsp[0m
Error running diamond: Loading query sequences... Error: The sequences are expected to be proteins but only contain DNA letters. Use the option --ignore-warnings to proceed.
Finished MEGAHIT-MaxBin2-NH_12_01.002.fa at Sun Mar 22 20:58:30 GMT 2026
==============================
Running eggNOG on SPAdes-MaxBin2-H_13_01.003.fa
Start time: Sun Mar 22 20:58:30 GMT 2026
==============================
#  emapper-2.1.13
# emapper.py  -i SPAdes-MaxBin2-H_13_01.003.fa -o SPAdes-MaxBin2-H_13_01.003_eggnog --cpu 8 --data_dir /gpfs/scratch/ajh20fhu/scripts/results/GenomeBinning/MaxBin2/bins/drep_MaxBin2_out/dereplicated_genomes/eggnog_db --translate --override
[1;33m  /gpfs/home/ajh20fhu/.conda/envs/eggnog_env/bin/diamond blastp -d '/gpfs/scratch/ajh20fhu/scripts/results/GenomeBinning/MaxBin2/bins/drep_MaxBin2_out/dereplicated_genomes/eggnog_db/eggnog_proteins.dmnd' -q '/gpfs/scratch/ajh20fhu/scripts/results/GenomeBinning/MaxBin2/bins/drep_MaxBin2_out/dereplicated_genomes/SPAdes-MaxBin2-H_13_01.003.fa' --threads 8 -o '/gpfs/scratch/ajh20fhu/scripts/results/GenomeBinning/MaxBin2/bins/drep_MaxBin2_out/dereplicated_genomes/SPAdes-MaxBin2-H_13_01.003_eggnog.emapper.hits' --tmpdir '/gpfs/scratch/ajh20fhu/scripts/results/GenomeBinning/MaxBin2/bins/drep_MaxBin2_out/dereplicated_genomes/emappertmp_dmdn_tiyimr1p' --sensitive --iterate -e 0.001 --top 3  --outfmt 6 qseqid sseqid pident length mismatch gapopen qstart qend sstart send evalue bitscore qcovhsp scovhsp[0m
Error running diamond: Loading query sequences... Error: The sequences are expected to be proteins but only contain DNA letters. Use the option --ignore-warnings to proceed.
Finished SPAdes-MaxBin2-H_13_01.003.fa at Sun Mar 22 20:58:31 GMT 2026
All MAGs completed successfully at Sun Mar 22 20:58:31 GMT 2026
