Could not find conda environment: drep_env
You can list all discoverable environments with `conda info --envs`.

cp: '/gpfs/scratch/ajh20fhu/nfcore/nfcore_magpipeline_21032026_trial/results/GenomeBinning/COMEBin/bins/dRep/SPAdes-COMEBin-H_13_01.53.fa' and '/gpfs/scratch/ajh20fhu/nfcore/nfcore_magpipeline_21032026_trial/results/GenomeBinning/COMEBin/bins/dRep/SPAdes-COMEBin-H_13_01.53.fa' are the same file
cp: '/gpfs/scratch/ajh20fhu/nfcore/nfcore_magpipeline_21032026_trial/results/GenomeBinning/COMEBin/bins/dRep/SPAdes-COMEBin-H_13_01.26.fa' and '/gpfs/scratch/ajh20fhu/nfcore/nfcore_magpipeline_21032026_trial/results/GenomeBinning/COMEBin/bins/dRep/SPAdes-COMEBin-H_13_01.26.fa' are the same file
cp: '/gpfs/scratch/ajh20fhu/nfcore/nfcore_magpipeline_21032026_trial/results/GenomeBinning/COMEBin/bins/dRep/SPAdes-COMEBin-H_13_01.9.fa' and '/gpfs/scratch/ajh20fhu/nfcore/nfcore_magpipeline_21032026_trial/results/GenomeBinning/COMEBin/bins/dRep/SPAdes-COMEBin-H_13_01.9.fa' are the same file
cp: '/gpfs/scratch/ajh20fhu/nfcore/nfcore_magpipeline_21032026_trial/results/GenomeBinning/COMEBin/bins/dRep/MEGAHIT-COMEBin-H_13_01.61.fa' and '/gpfs/scratch/ajh20fhu/nfcore/nfcore_magpipeline_21032026_trial/results/GenomeBinning/COMEBin/bins/dRep/MEGAHIT-COMEBin-H_13_01.61.fa' are the same file
cp: '/gpfs/scratch/ajh20fhu/nfcore/nfcore_magpipeline_21032026_trial/results/GenomeBinning/COMEBin/bins/dRep/MEGAHIT-COMEBin-H_13_01.250.fa' and '/gpfs/scratch/ajh20fhu/nfcore/nfcore_magpipeline_21032026_trial/results/GenomeBinning/COMEBin/bins/dRep/MEGAHIT-COMEBin-H_13_01.250.fa' are the same file
cp: '/gpfs/scratch/ajh20fhu/nfcore/nfcore_magpipeline_21032026_trial/results/GenomeBinning/COMEBin/bins/dRep/SPAdes-COMEBin-H_13_01.253.fa' and '/gpfs/scratch/ajh20fhu/nfcore/nfcore_magpipeline_21032026_trial/results/GenomeBinning/COMEBin/bins/dRep/SPAdes-COMEBin-H_13_01.253.fa' are the same file
cp: '/gpfs/scratch/ajh20fhu/nfcore/nfcore_magpipeline_21032026_trial/results/GenomeBinning/COMEBin/bins/dRep/SPAdes-COMEBin-H_13_01.12.fa' and '/gpfs/scratch/ajh20fhu/nfcore/nfcore_magpipeline_21032026_trial/results/GenomeBinning/COMEBin/bins/dRep/SPAdes-COMEBin-H_13_01.12.fa' are the same file
cp: '/gpfs/scratch/ajh20fhu/nfcore/nfcore_magpipeline_21032026_trial/results/GenomeBinning/COMEBin/bins/dRep/MEGAHIT-COMEBin-H_13_01.269.fa' and '/gpfs/scratch/ajh20fhu/nfcore/nfcore_magpipeline_21032026_trial/results/GenomeBinning/COMEBin/bins/dRep/MEGAHIT-COMEBin-H_13_01.269.fa' are the same file
cp: '/gpfs/scratch/ajh20fhu/nfcore/nfcore_magpipeline_21032026_trial/results/GenomeBinning/COMEBin/bins/dRep/SPAdes-COMEBin-H_13_01.0.fa' and '/gpfs/scratch/ajh20fhu/nfcore/nfcore_magpipeline_21032026_trial/results/GenomeBinning/COMEBin/bins/dRep/SPAdes-COMEBin-H_13_01.0.fa' are the same file
cp: '/gpfs/scratch/ajh20fhu/nfcore/nfcore_magpipeline_21032026_trial/results/GenomeBinning/COMEBin/bins/dRep/MEGAHIT-COMEBin-H_13_01.281.fa' and '/gpfs/scratch/ajh20fhu/nfcore/nfcore_magpipeline_21032026_trial/results/GenomeBinning/COMEBin/bins/dRep/MEGAHIT-COMEBin-H_13_01.281.fa' are the same file
cp: '/gpfs/scratch/ajh20fhu/nfcore/nfcore_magpipeline_21032026_trial/results/GenomeBinning/COMEBin/bins/dRep/SPAdes-COMEBin-H_13_01.1.fa' and '/gpfs/scratch/ajh20fhu/nfcore/nfcore_magpipeline_21032026_trial/results/GenomeBinning/COMEBin/bins/dRep/SPAdes-COMEBin-H_13_01.1.fa' are the same file
cp: '/gpfs/scratch/ajh20fhu/nfcore/nfcore_magpipeline_21032026_trial/results/GenomeBinning/COMEBin/bins/dRep/SPAdes-COMEBin-H_13_01.305.fa' and '/gpfs/scratch/ajh20fhu/nfcore/nfcore_magpipeline_21032026_trial/results/GenomeBinning/COMEBin/bins/dRep/SPAdes-COMEBin-H_13_01.305.fa' are the same file
cp: '/gpfs/scratch/ajh20fhu/nfcore/nfcore_magpipeline_21032026_trial/results/GenomeBinning/COMEBin/bins/dRep/SPAdes-COMEBin-H_13_01.4.fa' and '/gpfs/scratch/ajh20fhu/nfcore/nfcore_magpipeline_21032026_trial/results/GenomeBinning/COMEBin/bins/dRep/SPAdes-COMEBin-H_13_01.4.fa' are the same file
cp: '/gpfs/scratch/ajh20fhu/nfcore/nfcore_magpipeline_21032026_trial/results/GenomeBinning/COMEBin/bins/dRep/SPAdes-COMEBin-H_13_01.65.fa' and '/gpfs/scratch/ajh20fhu/nfcore/nfcore_magpipeline_21032026_trial/results/GenomeBinning/COMEBin/bins/dRep/SPAdes-COMEBin-H_13_01.65.fa' are the same file
cp: '/gpfs/scratch/ajh20fhu/nfcore/nfcore_magpipeline_21032026_trial/results/GenomeBinning/COMEBin/bins/dRep/SPAdes-COMEBin-H_13_01.27.fa' and '/gpfs/scratch/ajh20fhu/nfcore/nfcore_magpipeline_21032026_trial/results/GenomeBinning/COMEBin/bins/dRep/SPAdes-COMEBin-H_13_01.27.fa' are the same file
cp: '/gpfs/scratch/ajh20fhu/nfcore/nfcore_magpipeline_21032026_trial/results/GenomeBinning/COMEBin/bins/dRep/MEGAHIT-COMEBin-H_13_01.148.fa' and '/gpfs/scratch/ajh20fhu/nfcore/nfcore_magpipeline_21032026_trial/results/GenomeBinning/COMEBin/bins/dRep/MEGAHIT-COMEBin-H_13_01.148.fa' are the same file
cp: '/gpfs/scratch/ajh20fhu/nfcore/nfcore_magpipeline_21032026_trial/results/GenomeBinning/COMEBin/bins/dRep/MEGAHIT-COMEBin-H_13_01.198.fa' and '/gpfs/scratch/ajh20fhu/nfcore/nfcore_magpipeline_21032026_trial/results/GenomeBinning/COMEBin/bins/dRep/MEGAHIT-COMEBin-H_13_01.198.fa' are the same file
cp: '/gpfs/scratch/ajh20fhu/nfcore/nfcore_magpipeline_21032026_trial/results/GenomeBinning/COMEBin/bins/dRep/MEGAHIT-COMEBin-H_13_01.314.fa' and '/gpfs/scratch/ajh20fhu/nfcore/nfcore_magpipeline_21032026_trial/results/GenomeBinning/COMEBin/bins/dRep/MEGAHIT-COMEBin-H_13_01.314.fa' are the same file
cp: '/gpfs/scratch/ajh20fhu/nfcore/nfcore_magpipeline_21032026_trial/results/GenomeBinning/COMEBin/bins/dRep/MEGAHIT-COMEBin-H_13_01.289.fa' and '/gpfs/scratch/ajh20fhu/nfcore/nfcore_magpipeline_21032026_trial/results/GenomeBinning/COMEBin/bins/dRep/MEGAHIT-COMEBin-H_13_01.289.fa' are the same file
cp: '/gpfs/scratch/ajh20fhu/nfcore/nfcore_magpipeline_21032026_trial/results/GenomeBinning/COMEBin/bins/dRep/MEGAHIT-COMEBin-H_13_01.317.fa' and '/gpfs/scratch/ajh20fhu/nfcore/nfcore_magpipeline_21032026_trial/results/GenomeBinning/COMEBin/bins/dRep/MEGAHIT-COMEBin-H_13_01.317.fa' are the same file
cp: '/gpfs/scratch/ajh20fhu/nfcore/nfcore_magpipeline_21032026_trial/results/GenomeBinning/COMEBin/bins/dRep/MEGAHIT-COMEBin-H_13_01.312.fa' and '/gpfs/scratch/ajh20fhu/nfcore/nfcore_magpipeline_21032026_trial/results/GenomeBinning/COMEBin/bins/dRep/MEGAHIT-COMEBin-H_13_01.312.fa' are the same file
cp: '/gpfs/scratch/ajh20fhu/nfcore/nfcore_magpipeline_21032026_trial/results/GenomeBinning/COMEBin/bins/dRep/SPAdes-COMEBin-H_13_01.134.fa' and '/gpfs/scratch/ajh20fhu/nfcore/nfcore_magpipeline_21032026_trial/results/GenomeBinning/COMEBin/bins/dRep/SPAdes-COMEBin-H_13_01.134.fa' are the same file
cp: '/gpfs/scratch/ajh20fhu/nfcore/nfcore_magpipeline_21032026_trial/results/GenomeBinning/COMEBin/bins/dRep/MEGAHIT-COMEBin-H_13_01.219.fa' and '/gpfs/scratch/ajh20fhu/nfcore/nfcore_magpipeline_21032026_trial/results/GenomeBinning/COMEBin/bins/dRep/MEGAHIT-COMEBin-H_13_01.219.fa' are the same file
cp: '/gpfs/scratch/ajh20fhu/nfcore/nfcore_magpipeline_21032026_trial/results/GenomeBinning/COMEBin/bins/dRep/SPAdes-COMEBin-H_13_01.14.fa' and '/gpfs/scratch/ajh20fhu/nfcore/nfcore_magpipeline_21032026_trial/results/GenomeBinning/COMEBin/bins/dRep/SPAdes-COMEBin-H_13_01.14.fa' are the same file
cp: '/gpfs/scratch/ajh20fhu/nfcore/nfcore_magpipeline_21032026_trial/results/GenomeBinning/COMEBin/bins/dRep/SPAdes-COMEBin-H_13_01.13.fa' and '/gpfs/scratch/ajh20fhu/nfcore/nfcore_magpipeline_21032026_trial/results/GenomeBinning/COMEBin/bins/dRep/SPAdes-COMEBin-H_13_01.13.fa' are the same file
cp: '/gpfs/scratch/ajh20fhu/nfcore/nfcore_magpipeline_21032026_trial/results/GenomeBinning/COMEBin/bins/dRep/MEGAHIT-COMEBin-H_13_01.303.fa' and '/gpfs/scratch/ajh20fhu/nfcore/nfcore_magpipeline_21032026_trial/results/GenomeBinning/COMEBin/bins/dRep/MEGAHIT-COMEBin-H_13_01.303.fa' are the same file
cp: '/gpfs/scratch/ajh20fhu/nfcore/nfcore_magpipeline_21032026_trial/results/GenomeBinning/COMEBin/bins/dRep/MEGAHIT-COMEBin-H_13_01.0.fa' and '/gpfs/scratch/ajh20fhu/nfcore/nfcore_magpipeline_21032026_trial/results/GenomeBinning/COMEBin/bins/dRep/MEGAHIT-COMEBin-H_13_01.0.fa' are the same file
cp: '/gpfs/scratch/ajh20fhu/nfcore/nfcore_magpipeline_21032026_trial/results/GenomeBinning/COMEBin/bins/dRep/SPAdes-COMEBin-H_13_01.331.fa' and '/gpfs/scratch/ajh20fhu/nfcore/nfcore_magpipeline_21032026_trial/results/GenomeBinning/COMEBin/bins/dRep/SPAdes-COMEBin-H_13_01.331.fa' are the same file
cp: '/gpfs/scratch/ajh20fhu/nfcore/nfcore_magpipeline_21032026_trial/results/GenomeBinning/COMEBin/bins/dRep/MEGAHIT-COMEBin-H_13_01.101.fa' and '/gpfs/scratch/ajh20fhu/nfcore/nfcore_magpipeline_21032026_trial/results/GenomeBinning/COMEBin/bins/dRep/MEGAHIT-COMEBin-H_13_01.101.fa' are the same file
cp: '/gpfs/scratch/ajh20fhu/nfcore/nfcore_magpipeline_21032026_trial/results/GenomeBinning/COMEBin/bins/dRep/SPAdes-COMEBin-H_13_01.49.fa' and '/gpfs/scratch/ajh20fhu/nfcore/nfcore_magpipeline_21032026_trial/results/GenomeBinning/COMEBin/bins/dRep/SPAdes-COMEBin-H_13_01.49.fa' are the same file
cp: '/gpfs/scratch/ajh20fhu/nfcore/nfcore_magpipeline_21032026_trial/results/GenomeBinning/COMEBin/bins/dRep/MEGAHIT-COMEBin-H_13_01.229.fa' and '/gpfs/scratch/ajh20fhu/nfcore/nfcore_magpipeline_21032026_trial/results/GenomeBinning/COMEBin/bins/dRep/MEGAHIT-COMEBin-H_13_01.229.fa' are the same file
cp: '/gpfs/scratch/ajh20fhu/nfcore/nfcore_magpipeline_21032026_trial/results/GenomeBinning/COMEBin/bins/dRep/SPAdes-COMEBin-H_13_01.223.fa' and '/gpfs/scratch/ajh20fhu/nfcore/nfcore_magpipeline_21032026_trial/results/GenomeBinning/COMEBin/bins/dRep/SPAdes-COMEBin-H_13_01.223.fa' are the same file
slurmstepd: error: *** JOB 2135177 ON compute046 CANCELLED AT 2026-03-29T20:33:00 ***
